0 info it worked if it ends with ok
1 verbose cli [ '/usr/bin/nodejs', '/usr/bin/npm', 'install', '-g', 'grunt-cli' ]
2 info using npm@2.14.12
3 info using node@v4.3.1
4 verbose install initial load of /usr/lib/package.json
5 verbose readDependencies loading dependencies from /usr/lib/package.json
6 silly cache add args [ 'grunt-cli', null ]
7 verbose cache add spec grunt-cli
8 silly cache add parsed spec Result {
8 silly cache add   raw: 'grunt-cli',
8 silly cache add   scope: null,
8 silly cache add   name: 'grunt-cli',
8 silly cache add   rawSpec: '',
8 silly cache add   spec: 'latest',
8 silly cache add   type: 'tag' }
9 silly addNamed grunt-cli@latest
10 verbose addNamed "latest" is being treated as a dist-tag for grunt-cli
11 info addNameTag [ 'grunt-cli', 'latest' ]
12 silly mapToRegistry name grunt-cli
13 silly mapToRegistry using default registry
14 silly mapToRegistry registry https://registry.npmjs.org/
15 silly mapToRegistry uri https://registry.npmjs.org/grunt-cli
16 verbose addNameTag registry:https://registry.npmjs.org/grunt-cli not in flight; fetching
17 verbose request uri https://registry.npmjs.org/grunt-cli
18 verbose request no auth needed
19 info attempt registry request try #1 at 15:25:02
20 verbose request using bearer token for auth
21 verbose request id a8f605c61876344f
22 http request GET https://registry.npmjs.org/grunt-cli
23 http 200 https://registry.npmjs.org/grunt-cli
24 verbose headers { server: 'CouchDB/1.5.0 (Erlang OTP/R16B03)',
24 verbose headers   etag: '"7XQBZ5FHXGAET2EALR7YQOFSX"',
24 verbose headers   'content-type': 'application/json',
24 verbose headers   'cache-control': 'max-age=300',
24 verbose headers   'content-length': '24294',
24 verbose headers   'accept-ranges': 'bytes',
24 verbose headers   date: 'Tue, 08 Mar 2016 18:25:04 GMT',
24 verbose headers   via: '1.1 varnish',
24 verbose headers   connection: 'keep-alive',
24 verbose headers   'x-served-by': 'cache-iad2146-IAD',
24 verbose headers   'x-cache': 'MISS',
24 verbose headers   'x-cache-hits': '0',
24 verbose headers   'x-timer': 'S1457461504.488674,VS0,VE498',
24 verbose headers   vary: 'Accept' }
25 silly get cb [ 200,
25 silly get   { server: 'CouchDB/1.5.0 (Erlang OTP/R16B03)',
25 silly get     etag: '"7XQBZ5FHXGAET2EALR7YQOFSX"',
25 silly get     'content-type': 'application/json',
25 silly get     'cache-control': 'max-age=300',
25 silly get     'content-length': '24294',
25 silly get     'accept-ranges': 'bytes',
25 silly get     date: 'Tue, 08 Mar 2016 18:25:04 GMT',
25 silly get     via: '1.1 varnish',
25 silly get     connection: 'keep-alive',
25 silly get     'x-served-by': 'cache-iad2146-IAD',
25 silly get     'x-cache': 'MISS',
25 silly get     'x-cache-hits': '0',
25 silly get     'x-timer': 'S1457461504.488674,VS0,VE498',
25 silly get     vary: 'Accept' } ]
26 verbose get saving grunt-cli to /home/marcos/.npm/registry.npmjs.org/grunt-cli/.cache.json
27 silly addNameTag next cb for grunt-cli with tag latest
28 silly addNamed grunt-cli@0.1.13
29 verbose addNamed "0.1.13" is a plain semver version for grunt-cli
30 silly mapToRegistry name grunt-cli
31 silly mapToRegistry using default registry
32 silly mapToRegistry registry https://registry.npmjs.org/
33 silly mapToRegistry uri https://registry.npmjs.org/grunt-cli
34 verbose addRemoteTarball https://registry.npmjs.org/grunt-cli/-/grunt-cli-0.1.13.tgz not in flight; adding
35 verbose addRemoteTarball [ 'https://registry.npmjs.org/grunt-cli/-/grunt-cli-0.1.13.tgz',
35 verbose addRemoteTarball   'e9ebc4047631f5012d922770c39378133cad10f4' ]
36 info retry fetch attempt 1 at 15:25:05
37 info attempt registry request try #1 at 15:25:05
38 http fetch GET https://registry.npmjs.org/grunt-cli/-/grunt-cli-0.1.13.tgz
39 verbose request using bearer token for auth
40 http fetch 200 https://registry.npmjs.org/grunt-cli/-/grunt-cli-0.1.13.tgz
41 silly fetchAndShaCheck shasum e9ebc4047631f5012d922770c39378133cad10f4
42 verbose addTmpTarball /tmp/npm-18142-1fd5a50a/registry.npmjs.org/grunt-cli/-/grunt-cli-0.1.13.tgz not in flight; adding
43 verbose addTmpTarball already have metadata; skipping unpack for grunt-cli@0.1.13
44 silly cache afterAdd grunt-cli@0.1.13
45 verbose afterAdd /home/marcos/.npm/grunt-cli/0.1.13/package/package.json not in flight; writing
46 verbose afterAdd /home/marcos/.npm/grunt-cli/0.1.13/package/package.json written
47 silly install resolved [ { name: 'grunt-cli',
47 silly install resolved     description: 'The grunt command line interface.',
47 silly install resolved     version: '0.1.13',
47 silly install resolved     author: { name: 'Grunt Team' },
47 silly install resolved     homepage: 'http://gruntjs.com/',
47 silly install resolved     repository: { type: 'git', url: 'git://github.com/gruntjs/grunt-cli.git' },
47 silly install resolved     bugs: { url: 'http://github.com/gruntjs/grunt-cli/issues' },
47 silly install resolved     licenses: [ [Object] ],
47 silly install resolved     bin: { grunt: 'bin/grunt' },
47 silly install resolved     engines: { node: '>= 0.8.0' },
47 silly install resolved     scripts: { test: 'node bin/grunt test' },
47 silly install resolved     preferGlobal: true,
47 silly install resolved     dependencies: { nopt: '~1.0.10', 'findup-sync': '~0.1.0', resolve: '~0.3.1' },
47 silly install resolved     devDependencies: { grunt: '~0.4.0', 'grunt-contrib-jshint': '~0.2.0' },
47 silly install resolved     contributors: [ [Object], [Object], [Object], [Object] ],
47 silly install resolved     _id: 'grunt-cli@0.1.13',
47 silly install resolved     dist:
47 silly install resolved      { shasum: 'e9ebc4047631f5012d922770c39378133cad10f4',
47 silly install resolved        tarball: 'http://registry.npmjs.org/grunt-cli/-/grunt-cli-0.1.13.tgz' },
47 silly install resolved     _from: 'grunt-cli@latest',
47 silly install resolved     _npmVersion: '1.3.24',
47 silly install resolved     _npmUser: { name: 'tkellen', email: 'tyler@sleekcode.net' },
47 silly install resolved     maintainers: [ [Object] ],
47 silly install resolved     directories: {},
47 silly install resolved     _shasum: 'e9ebc4047631f5012d922770c39378133cad10f4',
47 silly install resolved     _resolved: 'https://registry.npmjs.org/grunt-cli/-/grunt-cli-0.1.13.tgz' } ]
48 info install grunt-cli@0.1.13 into /usr/lib
49 info installOne grunt-cli@0.1.13
50 verbose installOne of grunt-cli to /usr/lib not in flight; installing
51 verbose lock using /home/marcos/.npm/_locks/grunt-cli-e8d57df188d50057.lock for /usr/lib/node_modules/grunt-cli
52 silly install write writing grunt-cli 0.1.13 to /usr/lib/node_modules/grunt-cli
53 verbose unbuild lib/node_modules/grunt-cli
54 silly gentlyRm /usr/lib/node_modules/grunt-cli is being purged from base /usr
55 verbose gentlyRm don't care about contents; nuking /usr/lib/node_modules/grunt-cli
56 verbose tar unpack /home/marcos/.npm/grunt-cli/0.1.13/package.tgz
57 verbose tar unpacking to /usr/lib/node_modules/grunt-cli
58 silly gentlyRm /usr/lib/node_modules/grunt-cli is being purged
59 verbose gentlyRm don't care about contents; nuking /usr/lib/node_modules/grunt-cli
60 silly gunzTarPerm modes [ '755', '644' ]
61 error tar.unpack untar error /home/marcos/.npm/grunt-cli/0.1.13/package.tgz
62 verbose unlock done using /home/marcos/.npm/_locks/grunt-cli-e8d57df188d50057.lock for /usr/lib/node_modules/grunt-cli
63 verbose fstream_path /usr/lib/node_modules/grunt-cli
64 verbose fstream_type Directory
65 verbose fstream_class DirWriter
66 verbose stack Error: EACCES: permission denied, mkdir '/usr/lib/node_modules/grunt-cli'
66 verbose stack     at Error (native)
67 verbose fstream_stack /usr/lib/node_modules/npm/node_modules/fstream/lib/dir-writer.js:35:25
67 verbose fstream_stack /usr/lib/node_modules/npm/node_modules/mkdirp/index.js:47:53
67 verbose fstream_stack FSReqWrap.oncomplete (fs.js:82:15)
68 verbose cwd /home/marcos/practicas/OscarsApp
69 error Linux 3.16.0-38-generic
70 error argv "/usr/bin/nodejs" "/usr/bin/npm" "install" "-g" "grunt-cli"
71 error node v4.3.1
72 error npm  v2.14.12
73 error path /usr/lib/node_modules/grunt-cli
74 error code EACCES
75 error errno -13
76 error syscall mkdir
77 error Error: EACCES: permission denied, mkdir '/usr/lib/node_modules/grunt-cli'
77 error     at Error (native)
77 error  { [Error: EACCES: permission denied, mkdir '/usr/lib/node_modules/grunt-cli']
77 error   errno: -13,
77 error   code: 'EACCES',
77 error   syscall: 'mkdir',
77 error   path: '/usr/lib/node_modules/grunt-cli',
77 error   fstream_type: 'Directory',
77 error   fstream_path: '/usr/lib/node_modules/grunt-cli',
77 error   fstream_class: 'DirWriter',
77 error   fstream_stack:
77 error    [ '/usr/lib/node_modules/npm/node_modules/fstream/lib/dir-writer.js:35:25',
77 error      '/usr/lib/node_modules/npm/node_modules/mkdirp/index.js:47:53',
77 error      'FSReqWrap.oncomplete (fs.js:82:15)' ] }
78 error Please try running this command again as root/Administrator.
79 verbose exit [ -13, true ]
80 verbose unbuild lib/node_modules/grunt-cli
81 silly gentlyRm /usr/lib/node_modules/grunt-cli is being purged from base /usr
82 verbose gentlyRm don't care about contents; nuking /usr/lib/node_modules/grunt-cli
